<?xml version="1.0" encoding="UTF-8"?>
<!-- Generated by org.testng.reporters.JUnitReportReporter -->
<testsuite hostname="DESKTOP-5S42HBC" failures="0" tests="1" name="AmazonWorkings.ReadData_Excel" time="0.000" errors="0" timestamp="2021-08-13T15:22:56 IST" skipped="1">
  <testcase classname="AmazonWorkings.ReadData_Excel" name="read_data" time="0.000">
    <skipped/>
  </testcase> <!-- read_data -->
  <system-out/>
</testsuite> <!-- AmazonWorkings.ReadData_Excel -->
