<?xml version="1.0" encoding="UTF-8"?>
<!-- Generated by org.testng.reporters.JUnitReportReporter -->
<testsuite hostname="DESKTOP-5S42HBC" failures="0" tests="5" name="AmazonWorkings.Data_Provider" time="0.014" errors="0" timestamp="2021-08-13T12:21:34 IST" skipped="0">
  <testcase classname="AmazonWorkings.Data_Provider" name="data" time="0.002"/>
  <system-out/>
  <testcase classname="AmazonWorkings.Data_Provider" name="data" time="0.002"/>
  <system-out/>
  <testcase classname="AmazonWorkings.Data_Provider" name="data" time="0.001"/>
  <system-out/>
  <testcase classname="AmazonWorkings.Data_Provider" name="data" time="0.007"/>
  <system-out/>
  <testcase classname="AmazonWorkings.Data_Provider" name="data" time="0.002"/>
  <system-out/>
</testsuite> <!-- AmazonWorkings.Data_Provider -->
