<?xml version="1.0" encoding="UTF-8"?>
<!-- Generated by org.testng.reporters.JUnitReportReporter -->
<testsuite hostname="DESKTOP-5S42HBC" failures="0" tests="2" name="Test.vtiger.TC_13" time="58.188" errors="0" timestamp="2021-08-19T13:11:09 IST" skipped="0">
  <testcase classname="Test.vtiger.TC_13" name="TC_13Test" time="28.860"/>
  <system-out/>
  <testcase classname="Test.vtiger.TC_13" name="TC_13Test" time="29.328"/>
  <system-out/>
</testsuite> <!-- Test.vtiger.TC_13 -->
